<?xml version="1.0" encoding="UTF-8"?>
<TestRun id="0a3f1ea1-d1b0-4afc-9e52-87462c06e019" name="Jonas@JONAS-PC 2012-06-01 21:18:31" runUser="Jonas-PC\Jonas" xmlns="http://microsoft.com/schemas/VisualStudio/TeamTest/2010">
  <TestSettings name="Local" id="496a61aa-4d45-44a3-8c70-ae3d7dd51462">
    <Description>These are default test settings for a local test run.</Description>
    <Deployment enabled="false" runDeploymentRoot="Jonas_JONAS-PC 2012-06-01 21_18_31">
      <DeploymentItem filename="C:\Users\Jonas\Documents\GitHub\alf\alf-services\bin\Debug\alf-services.dll" />
      <DeploymentItem filename="C:\Users\Jonas\Documents\GitHub\alf\alf-2013\bin\alf-2013.dll" />
    </Deployment>
    <Execution>
      <TestTypeSpecific />
      <AgentRule name="Execution Agents">
      </AgentRule>
    </Execution>
  </TestSettings>
  <Times creation="2012-06-01T21:18:31.9120231+02:00" queuing="2012-06-01T21:18:31.9480252+02:00" start="2012-06-01T21:18:31.9530255+02:00" finish="2012-06-01T21:18:32.3110460+02:00" />
  <ResultSummary outcome="Failed">
    <Counters total="1" executed="1" error="0" failed="1" timeout="0" aborted="0" inconclusive="0" passedButRunAborted="0" notRunnable="0" notExecuted="0" disconnected="0" warning="0" passed="0" completed="0" inProgress="0" pending="0" />
  </ResultSummary>
  <TestDefinitions>
    <UnitTest name="ServiceReturnsCorrectAmountOfFiles" storage="c:\users\jonas\documents\github\alf\alf-tests\bin\debug\alf-tests.dll" id="56bd20bc-db3a-85cc-102c-ad539f811be3">
      <Execution id="138328b0-ade3-4376-8480-3de46792d8ac" />
      <TestMethod codeBase="C:/Users/Jonas/Documents/GitHub/alf/alf-tests/bin/Debug/alf-tests.DLL" adapterTypeName="Microsoft.VisualStudio.TestTools.TestTypes.Unit.UnitTestAdapter, Microsoft.VisualStudio.QualityTools.Tips.UnitTest.Adapter, Version=10.0.0.0, Culture=neutral, PublicKeyToken=b03f5f7f11d50a3a" className="alf_tests.StorageTest, alf-tests, Version=1.0.0.0, Culture=neutral, PublicKeyToken=null" name="ServiceReturnsCorrectAmountOfFiles" />
    </UnitTest>
  </TestDefinitions>
  <TestLists>
    <TestList name="Results Not in a List" id="8c84fa94-04c1-424b-9868-57a2d4851a1d" />
    <TestList name="All Loaded Results" id="19431567-8539-422a-85d7-44ee4e166bda" />
  </TestLists>
  <TestEntries>
    <TestEntry testId="56bd20bc-db3a-85cc-102c-ad539f811be3" executionId="138328b0-ade3-4376-8480-3de46792d8ac" testListId="8c84fa94-04c1-424b-9868-57a2d4851a1d" />
  </TestEntries>
  <Results>
    <UnitTestResult executionId="138328b0-ade3-4376-8480-3de46792d8ac" testId="56bd20bc-db3a-85cc-102c-ad539f811be3" testName="ServiceReturnsCorrectAmountOfFiles" computerName="JONAS-PC" duration="00:00:00.2128377" startTime="2012-06-01T21:18:31.9550256+02:00" endTime="2012-06-01T21:18:32.2840444+02:00" testType="13cdc9d9-ddb5-4fa4-a97d-d965ccfc6d4b" outcome="Failed" testListId="8c84fa94-04c1-424b-9868-57a2d4851a1d" relativeResultsDirectory="138328b0-ade3-4376-8480-3de46792d8ac">
      <Output>
        <ErrorInfo>
          <Message>Assert.AreEqual failed. Expected:&lt;3&gt;. Actual:&lt;1&gt;. </Message>
          <StackTrace>   at alf_tests.StorageTest.ServiceReturnsCorrectAmountOfFiles() in C:\Users\Jonas\Documents\GitHub\alf\alf-tests\StorageTest.cs:line 41
</StackTrace>
        </ErrorInfo>
      </Output>
    </UnitTestResult>
  </Results>
</TestRun>